Determining if the pthread_create exist failed with the following output:
Change Dir: /home/lwh/code/CppPearlPick/build/CMakeFiles/CMakeTmp

Run Build Command:"/usr/bin/make" "cmTC_257b4/fast"
/usr/bin/make -f CMakeFiles/cmTC_257b4.dir/build.make CMakeFiles/cmTC_257b4.dir/build
make[1]: 进入目录“/home/lwh/code/CppPearlPick/build/CMakeFiles/CMakeTmp”
Building C object CMakeFiles/cmTC_257b4.dir/CheckSymbolExists.c.o
/usr/bin/cc    -o CMakeFiles/cmTC_257b4.dir/CheckSymbolExists.c.o   -c /home/lwh/code/CppPearlPick/build/CMakeFiles/CMakeTmp/CheckSymbolExists.c
Linking C executable cmTC_257b4
/usr/bin/cmake -E cmake_link_script CMakeFiles/cmTC_257b4.dir/link.txt --verbose=1
/usr/bin/cc      CMakeFiles/cmTC_257b4.dir/CheckSymbolExists.c.o  -o cmTC_257b4 
CMakeFiles/cmTC_257b4.dir/CheckSymbolExists.c.o：在函数‘main’中：
CheckSymbolExists.c:(.text+0x1b)：对‘pthread_create’未定义的引用
collect2: error: ld returned 1 exit status
CMakeFiles/cmTC_257b4.dir/build.make:97: recipe for target 'cmTC_257b4' failed
make[1]: *** [cmTC_257b4] Error 1
make[1]: 离开目录“/home/lwh/code/CppPearlPick/build/CMakeFiles/CMakeTmp”
Makefile:126: recipe for target 'cmTC_257b4/fast' failed
make: *** [cmTC_257b4/fast] Error 2

File /home/lwh/code/CppPearlPick/build/CMakeFiles/CMakeTmp/CheckSymbolExists.c:
/* */
#include <pthread.h>

int main(int argc, char** argv)
{
  (void)argv;
#ifndef pthread_create
  return ((int*)(&pthread_create))[argc];
#else
  (void)argc;
  return 0;
#endif
}

Determining if the function pthread_create exists in the pthreads failed with the following output:
Change Dir: /home/lwh/code/CppPearlPick/build/CMakeFiles/CMakeTmp

Run Build Command:"/usr/bin/make" "cmTC_f9668/fast"
/usr/bin/make -f CMakeFiles/cmTC_f9668.dir/build.make CMakeFiles/cmTC_f9668.dir/build
make[1]: 进入目录“/home/lwh/code/CppPearlPick/build/CMakeFiles/CMakeTmp”
Building C object CMakeFiles/cmTC_f9668.dir/CheckFunctionExists.c.o
/usr/bin/cc   -DCHECK_FUNCTION_EXISTS=pthread_create   -o CMakeFiles/cmTC_f9668.dir/CheckFunctionExists.c.o   -c /usr/share/cmake-3.10/Modules/CheckFunctionExists.c
Linking C executable cmTC_f9668
/usr/bin/cmake -E cmake_link_script CMakeFiles/cmTC_f9668.dir/link.txt --verbose=1
/usr/bin/cc  -DCHECK_FUNCTION_EXISTS=pthread_create    CMakeFiles/cmTC_f9668.dir/CheckFunctionExists.c.o  -o cmTC_f9668 -lpthreads 
/usr/bin/ld: 找不到 -lpthreads
collect2: error: ld returned 1 exit status
CMakeFiles/cmTC_f9668.dir/build.make:97: recipe for target 'cmTC_f9668' failed
make[1]: *** [cmTC_f9668] Error 1
make[1]: 离开目录“/home/lwh/code/CppPearlPick/build/CMakeFiles/CMakeTmp”
Makefile:126: recipe for target 'cmTC_f9668/fast' failed
make: *** [cmTC_f9668/fast] Error 2


